<?xml version="1.0" encoding="UTF-8"?>
<testng-results skipped="0" failed="1" ignored="0" total="3" passed="2">
  <reporter-output>
  </reporter-output>
  <suite name="Suite" duration-ms="42978" started-at="2022-10-01T17:10:40 IST" finished-at="2022-10-01T17:11:23 IST">
    <groups>
    </groups>
    <test name="Test" duration-ms="42978" started-at="2022-10-01T17:10:40 IST" finished-at="2022-10-01T17:11:23 IST">
      <class name="test.LoginTest">
        <test-method status="PASS" signature="setupSuite()[pri:0, instance:test.LoginTest@50d0686]" name="setupSuite" is-config="true" duration-ms="142" started-at="2022-10-01T17:10:40 IST" finished-at="2022-10-01T17:10:40 IST">
          <reporter-output>
          </reporter-output>
        </test-method> <!-- setupSuite -->
        <test-method status="PASS" signature="openBrowser()[pri:0, instance:test.LoginTest@50d0686]" name="openBrowser" is-config="true" duration-ms="3846" started-at="2022-10-01T17:10:41 IST" finished-at="2022-10-01T17:10:45 IST">
          <reporter-output>
          </reporter-output>
        </test-method> <!-- openBrowser -->
        <test-method status="PASS" signature="loginWithDP(java.lang.String,java.lang.String)[pri:1, instance:test.LoginTest@50d0686]" name="loginWithDP" duration-ms="10359" started-at="2022-10-01T17:10:45 IST" data-provider="fetchFromexcel" finished-at="2022-10-01T17:10:55 IST">
          <params>
            <param index="0">
              <value>
                <![CDATA[rutujataware62@gmail.com]]>
              </value>
            </param>
            <param index="1">
              <value>
                <![CDATA[sanjana710]]>
              </value>
            </param>
          </params>
          <reporter-output>
          </reporter-output>
        </test-method> <!-- loginWithDP -->
        <test-method status="PASS" signature="screenShot(org.testng.ITestResult)[pri:0, instance:test.LoginTest@50d0686]" name="screenShot" is-config="true" duration-ms="836" started-at="2022-10-01T17:10:55 IST" finished-at="2022-10-01T17:10:56 IST">
          <params>
            <param index="0">
              <value>
                <![CDATA[[TestResult name=loginWithDP status=SUCCESS method=LoginTest.loginWithDP(java.lang.String,java.lang.String)[pri:1, instance:test.LoginTest@50d0686] output={null}]]]>
              </value>
            </param>
          </params>
          <reporter-output>
          </reporter-output>
        </test-method> <!-- screenShot -->
        <test-method status="PASS" signature="openBrowser()[pri:0, instance:test.LoginTest@50d0686]" name="openBrowser" is-config="true" duration-ms="2613" started-at="2022-10-01T17:10:56 IST" finished-at="2022-10-01T17:10:59 IST">
          <reporter-output>
          </reporter-output>
        </test-method> <!-- openBrowser -->
        <test-method status="FAIL" signature="loginWithDP(java.lang.String,java.lang.String)[pri:1, instance:test.LoginTest@50d0686]" name="loginWithDP" duration-ms="10386" started-at="2022-10-01T17:10:59 IST" data-provider="fetchFromexcel" finished-at="2022-10-01T17:11:09 IST">
          <params>
            <param index="0">
              <value>
                <![CDATA[81494075]]>
              </value>
            </param>
            <param index="1">
              <value>
                <![CDATA[abc@123]]>
              </value>
            </param>
          </params>
          <exception class="java.lang.AssertionError">
            <message>
              <![CDATA[expected [https://www.facebook.com/] but found [https://www.facebook.com/login/device-based/regular/login/?login_attempt=1&lwv=100]]]>
            </message>
            <full-stacktrace>
              <![CDATA[java.lang.AssertionError: expected [https://www.facebook.com/] but found [https://www.facebook.com/login/device-based/regular/login/?login_attempt=1&lwv=100]
at org.testng.Assert.fail(Assert.java:99)
at org.testng.Assert.failNotEquals(Assert.java:1037)
at org.testng.Assert.assertEqualsImpl(Assert.java:140)
at org.testng.Assert.assertEquals(Assert.java:122)
at org.testng.Assert.assertEquals(Assert.java:629)
at org.testng.Assert.assertEquals(Assert.java:639)
at test.LoginTest.loginWithDP(LoginTest.java:48)
at sun.reflect.NativeMethodAccessorImpl.invoke0(Native Method)
at sun.reflect.NativeMethodAccessorImpl.invoke(NativeMethodAccessorImpl.java:62)
at sun.reflect.DelegatingMethodAccessorImpl.invoke(DelegatingMethodAccessorImpl.java:43)
at java.lang.reflect.Method.invoke(Method.java:498)
at org.testng.internal.MethodInvocationHelper.invokeMethod(MethodInvocationHelper.java:133)
at org.testng.internal.TestInvoker.invokeMethod(TestInvoker.java:598)
at org.testng.internal.TestInvoker.invokeTestMethod(TestInvoker.java:173)
at org.testng.internal.MethodRunner.runInSequence(MethodRunner.java:46)
at org.testng.internal.TestInvoker$MethodInvocationAgent.invoke(TestInvoker.java:824)
at org.testng.internal.TestInvoker.invokeTestMethods(TestInvoker.java:146)
at org.testng.internal.TestMethodWorker.invokeTestMethods(TestMethodWorker.java:146)
at org.testng.internal.TestMethodWorker.run(TestMethodWorker.java:128)
at java.util.ArrayList.forEach(ArrayList.java:1257)
at org.testng.TestRunner.privateRun(TestRunner.java:794)
at org.testng.TestRunner.run(TestRunner.java:596)
at org.testng.SuiteRunner.runTest(SuiteRunner.java:377)
at org.testng.SuiteRunner.runSequentially(SuiteRunner.java:371)
at org.testng.SuiteRunner.privateRun(SuiteRunner.java:332)
at org.testng.SuiteRunner.run(SuiteRunner.java:276)
at org.testng.SuiteRunnerWorker.runSuite(SuiteRunnerWorker.java:53)
at org.testng.SuiteRunnerWorker.run(SuiteRunnerWorker.java:96)
at org.testng.TestNG.runSuitesSequentially(TestNG.java:1212)
at org.testng.TestNG.runSuitesLocally(TestNG.java:1134)
at org.testng.TestNG.runSuites(TestNG.java:1063)
at org.testng.TestNG.run(TestNG.java:1031)
at org.testng.remote.AbstractRemoteTestNG.run(AbstractRemoteTestNG.java:115)
at org.testng.remote.RemoteTestNG.initAndRun(RemoteTestNG.java:251)
at org.testng.remote.RemoteTestNG.main(RemoteTestNG.java:77)
]]>
            </full-stacktrace>
          </exception> <!-- java.lang.AssertionError -->
          <reporter-output>
          </reporter-output>
        </test-method> <!-- loginWithDP -->
        <test-method status="PASS" signature="screenShot(org.testng.ITestResult)[pri:0, instance:test.LoginTest@50d0686]" name="screenShot" is-config="true" duration-ms="501" started-at="2022-10-01T17:11:09 IST" finished-at="2022-10-01T17:11:10 IST">
          <params>
            <param index="0">
              <value>
                <![CDATA[[TestResult name=loginWithDP status=FAILURE method=LoginTest.loginWithDP(java.lang.String,java.lang.String)[pri:1, instance:test.LoginTest@50d0686] output={null}]]]>
              </value>
            </param>
          </params>
          <reporter-output>
          </reporter-output>
        </test-method> <!-- screenShot -->
        <test-method status="PASS" signature="openBrowser()[pri:0, instance:test.LoginTest@50d0686]" name="openBrowser" is-config="true" duration-ms="2906" started-at="2022-10-01T17:11:10 IST" finished-at="2022-10-01T17:11:13 IST">
          <reporter-output>
          </reporter-output>
        </test-method> <!-- openBrowser -->
        <test-method status="PASS" signature="verifyLogo()[pri:2, instance:test.LoginTest@50d0686]" name="verifyLogo" duration-ms="10570" started-at="2022-10-01T17:11:13 IST" finished-at="2022-10-01T17:11:23 IST">
          <reporter-output>
          </reporter-output>
        </test-method> <!-- verifyLogo -->
        <test-method status="PASS" signature="screenShot(org.testng.ITestResult)[pri:0, instance:test.LoginTest@50d0686]" name="screenShot" is-config="true" duration-ms="297" started-at="2022-10-01T17:11:23 IST" finished-at="2022-10-01T17:11:23 IST">
          <params>
            <param index="0">
              <value>
                <![CDATA[[TestResult name=verifyLogo status=SUCCESS method=LoginTest.verifyLogo()[pri:2, instance:test.LoginTest@50d0686] output={null}]]]>
              </value>
            </param>
          </params>
          <reporter-output>
          </reporter-output>
        </test-method> <!-- screenShot -->
      </class> <!-- test.LoginTest -->
    </test> <!-- Test -->
  </suite> <!-- Suite -->
</testng-results>
